<?xml version="1.0" encoding="UTF-8"?>
<!-- Generated by org.testng.reporters.JUnitReportReporter -->
<testsuite hostname="Pankaj" failures="0" tests="1" name="SeleniumJava.DemoProject01.AppTest_LoginCredentials" time="0.374" errors="0" timestamp="2024-06-03T16:26:09 IST" skipped="0">
  <testcase classname="SeleniumJava.DemoProject01.AppTest_LoginCredentials" name="LoginApplication" time="0.374"/>
</testsuite> <!-- SeleniumJava.DemoProject01.AppTest_LoginCredentials -->
