<?xml version="1.0" encoding="UTF-8"?>
<!-- Generated by org.testng.reporters.JUnitReportReporter -->
<testsuite hostname="Pankaj" failures="0" tests="1" name="SeleniumJava.DemoProject01.AppTest_LoginCredentials" time="2.340" errors="0" timestamp="2024-06-08T01:18:25 IST" skipped="0">
  <testcase classname="SeleniumJava.DemoProject01.AppTest_LoginCredentials" name="LoginApplication" time="2.340"/>
</testsuite> <!-- SeleniumJava.DemoProject01.AppTest_LoginCredentials -->
