<?xml version="1.0" encoding="UTF-8"?>
<!-- Generated by org.testng.reporters.JUnitReportReporter -->
<testsuite hostname="Pankaj" failures="0" tests="1" name="IT0_Sprint_01.test_IT0_1_Login" time="1.894" errors="0" timestamp="2024-06-05T00:05:44 IST" skipped="0">
  <testcase classname="IT0_Sprint_01.test_IT0_1_Login" name="LoginApplication" time="1.894"/>
</testsuite> <!-- IT0_Sprint_01.test_IT0_1_Login -->
