<?xml version="1.0" encoding="UTF-8"?>
<!-- Generated by org.testng.reporters.JUnitReportReporter -->
<testsuite hostname="Pankaj" failures="0" tests="1" name="SeleniumJava.DemoProject01.AppTest_LoginCredentials" time="1.674" errors="0" timestamp="2024-06-03T16:33:33 IST" skipped="0">
  <testcase classname="SeleniumJava.DemoProject01.AppTest_LoginCredentials" name="LoginApplication" time="1.674"/>
</testsuite> <!-- SeleniumJava.DemoProject01.AppTest_LoginCredentials -->
